<?xml version="1.0" encoding="UTF-8"?>
<!-- Generated by org.testng.reporters.JUnitReportReporter -->
<testsuite skipped="0" hostname="LAPTOP-J41V6O34" name="com.w2a.testcases.LoginTest" tests="1" failures="0" timestamp="08 四月 2019 15:33:15 GMT" time="0.465" errors="0">
  <testcase name="loginAsBankManager" time="0.465" classname="com.w2a.testcases.LoginTest"/>
</testsuite> <!-- com.w2a.testcases.LoginTest -->
